Analysis & Synthesis report for MIPS
Wed Sep 27 09:41:12 2017
Quartus II Version 9.1 Build 350 03/24/2010 Service Pack 2 SJ Web Edition


---------------------
; Table of Contents ;
---------------------
  1. Legal Notice
  2. Analysis & Synthesis Summary
  3. Analysis & Synthesis Settings
  4. Parallel Compilation
  5. Analysis & Synthesis Source Files Read
  6. Analysis & Synthesis Resource Usage Summary
  7. Analysis & Synthesis Resource Utilization by Entity
  8. Analysis & Synthesis RAM Summary
  9. State Machine - |MIPS|Control:comb_401|state
 10. Registers Removed During Synthesis
 11. Removed Registers Triggering Further Register Optimizations
 12. General Register Statistics
 13. Multiplexer Restructuring Statistics (Restructuring Performed)
 14. Source assignments for Memoria:Memory|LPM_RAM_DQ:MEM|altram:sram|altsyncram:ram_block|altsyncram_e1a1:auto_generated
 15. Source assignments for Memoria:Memory|LPM_RAM_DQ:MEM_plus_One|altram:sram|altsyncram:ram_block|altsyncram_e1a1:auto_generated
 16. Source assignments for Memoria:Memory|LPM_RAM_DQ:MEM_plus_Two|altram:sram|altsyncram:ram_block|altsyncram_e1a1:auto_generated
 17. Source assignments for Memoria:Memory|LPM_RAM_DQ:MEM_plus_Three|altram:sram|altsyncram:ram_block|altsyncram_e1a1:auto_generated
 18. Parameter Settings for User Entity Instance: Memoria:Memory|LPM_RAM_DQ:MEM
 19. Parameter Settings for User Entity Instance: Memoria:Memory|LPM_RAM_DQ:MEM_plus_One
 20. Parameter Settings for User Entity Instance: Memoria:Memory|LPM_RAM_DQ:MEM_plus_Two
 21. Parameter Settings for User Entity Instance: Memoria:Memory|LPM_RAM_DQ:MEM_plus_Three
 22. Port Connectivity Checks: "Mux32bits_4x2:PC_MUX"
 23. Port Connectivity Checks: "Mux32bits_4x2:RHS_Mux"
 24. Port Connectivity Checks: "Control:comb_401"
 25. Analysis & Synthesis Messages
 26. Analysis & Synthesis Suppressed Messages



----------------
; Legal Notice ;
----------------
Copyright (C) 1991-2010 Altera Corporation
Your use of Altera Corporation's design tools, logic functions 
and other software and tools, and its AMPP partner logic 
functions, and any output files from any of the foregoing 
(including device programming or simulation files), and any 
associated documentation or information are expressly subject 
to the terms and conditions of the Altera Program License 
Subscription Agreement, Altera MegaCore Function License 
Agreement, or other applicable license agreement, including, 
without limitation, that your use is for the sole purpose of 
programming logic devices manufactured by Altera and sold by 
Altera or its authorized distributors.  Please refer to the 
applicable agreement for further details.



+-----------------------------------------------------------------------------------+
; Analysis & Synthesis Summary                                                      ;
+------------------------------------+----------------------------------------------+
; Analysis & Synthesis Status        ; Successful - Wed Sep 27 09:41:12 2017        ;
; Quartus II Version                 ; 9.1 Build 350 03/24/2010 SP 2 SJ Web Edition ;
; Revision Name                      ; MIPS                                         ;
; Top-level Entity Name              ; MIPS                                         ;
; Family                             ; Cyclone II                                   ;
; Total logic elements               ; 452                                          ;
;     Total combinational functions  ; 358                                          ;
;     Dedicated logic registers      ; 152                                          ;
; Total registers                    ; 152                                          ;
; Total pins                         ; 274                                          ;
; Total virtual pins                 ; 0                                            ;
; Total memory bits                  ; 8,192                                        ;
; Embedded Multiplier 9-bit elements ; 0                                            ;
; Total PLLs                         ; 0                                            ;
+------------------------------------+----------------------------------------------+


+----------------------------------------------------------------------------------------------------------------------+
; Analysis & Synthesis Settings                                                                                        ;
+----------------------------------------------------------------------------+--------------------+--------------------+
; Option                                                                     ; Setting            ; Default Value      ;
+----------------------------------------------------------------------------+--------------------+--------------------+
; Device                                                                     ; EP2C70F896C6       ;                    ;
; Top-level entity name                                                      ; MIPS               ; MIPS               ;
; Family name                                                                ; Cyclone II         ; Stratix II         ;
; Use Generated Physical Constraints File                                    ; Off                ;                    ;
; Use smart compilation                                                      ; Off                ; Off                ;
; Enable parallel Assembler and TimeQuest Timing Analyzer during compilation ; On                 ; On                 ;
; Enable compact report table                                                ; Off                ; Off                ;
; Restructure Multiplexers                                                   ; Auto               ; Auto               ;
; Create Debugging Nodes for IP Cores                                        ; Off                ; Off                ;
; Preserve fewer node names                                                  ; On                 ; On                 ;
; Disable OpenCore Plus hardware evaluation                                  ; Off                ; Off                ;
; Verilog Version                                                            ; Verilog_2001       ; Verilog_2001       ;
; VHDL Version                                                               ; VHDL_1993          ; VHDL_1993          ;
; State Machine Processing                                                   ; Auto               ; Auto               ;
; Safe State Machine                                                         ; Off                ; Off                ;
; Extract Verilog State Machines                                             ; On                 ; On                 ;
; Extract VHDL State Machines                                                ; On                 ; On                 ;
; Ignore Verilog initial constructs                                          ; Off                ; Off                ;
; Iteration limit for constant Verilog loops                                 ; 5000               ; 5000               ;
; Iteration limit for non-constant Verilog loops                             ; 250                ; 250                ;
; Add Pass-Through Logic to Inferred RAMs                                    ; On                 ; On                 ;
; Parallel Synthesis                                                         ; On                 ; On                 ;
; DSP Block Balancing                                                        ; Auto               ; Auto               ;
; NOT Gate Push-Back                                                         ; On                 ; On                 ;
; Power-Up Don't Care                                                        ; On                 ; On                 ;
; Remove Redundant Logic Cells                                               ; Off                ; Off                ;
; Remove Duplicate Registers                                                 ; On                 ; On                 ;
; Ignore CARRY Buffers                                                       ; Off                ; Off                ;
; Ignore CASCADE Buffers                                                     ; Off                ; Off                ;
; Ignore GLOBAL Buffers                                                      ; Off                ; Off                ;
; Ignore ROW GLOBAL Buffers                                                  ; Off                ; Off                ;
; Ignore LCELL Buffers                                                       ; Off                ; Off                ;
; Ignore SOFT Buffers                                                        ; On                 ; On                 ;
; Limit AHDL Integers to 32 Bits                                             ; Off                ; Off                ;
; Optimization Technique                                                     ; Balanced           ; Balanced           ;
; Carry Chain Length                                                         ; 70                 ; 70                 ;
; Auto Carry Chains                                                          ; On                 ; On                 ;
; Auto Open-Drain Pins                                                       ; On                 ; On                 ;
; Perform WYSIWYG Primitive Resynthesis                                      ; Off                ; Off                ;
; Auto ROM Replacement                                                       ; On                 ; On                 ;
; Auto RAM Replacement                                                       ; On                 ; On                 ;
; Auto Shift Register Replacement                                            ; Auto               ; Auto               ;
; Auto Clock Enable Replacement                                              ; On                 ; On                 ;
; Strict RAM Replacement                                                     ; Off                ; Off                ;
; Allow Synchronous Control Signals                                          ; On                 ; On                 ;
; Force Use of Synchronous Clear Signals                                     ; Off                ; Off                ;
; Auto RAM to Logic Cell Conversion                                          ; Off                ; Off                ;
; Auto Resource Sharing                                                      ; Off                ; Off                ;
; Allow Any RAM Size For Recognition                                         ; Off                ; Off                ;
; Allow Any ROM Size For Recognition                                         ; Off                ; Off                ;
; Allow Any Shift Register Size For Recognition                              ; Off                ; Off                ;
; Use LogicLock Constraints during Resource Balancing                        ; On                 ; On                 ;
; Ignore translate_off and synthesis_off directives                          ; Off                ; Off                ;
; Timing-Driven Synthesis                                                    ; Off                ; Off                ;
; Show Parameter Settings Tables in Synthesis Report                         ; On                 ; On                 ;
; Ignore Maximum Fan-Out Assignments                                         ; Off                ; Off                ;
; Synchronization Register Chain Length                                      ; 2                  ; 2                  ;
; PowerPlay Power Optimization                                               ; Normal compilation ; Normal compilation ;
; HDL message level                                                          ; Level2             ; Level2             ;
; Suppress Register Optimization Related Messages                            ; Off                ; Off                ;
; Number of Removed Registers Reported in Synthesis Report                   ; 5000               ; 5000               ;
; Number of Inverted Registers Reported in Synthesis Report                  ; 100                ; 100                ;
; Clock MUX Protection                                                       ; On                 ; On                 ;
; Auto Gated Clock Conversion                                                ; Off                ; Off                ;
; Block Design Naming                                                        ; Auto               ; Auto               ;
; SDC constraint protection                                                  ; Off                ; Off                ;
; Synthesis Effort                                                           ; Auto               ; Auto               ;
; Shift Register Replacement - Allow Asynchronous Clear Signal               ; On                 ; On                 ;
; Analysis & Synthesis Message Level                                         ; Medium             ; Medium             ;
; Disable Register Merging Across Hierarchies                                ; Auto               ; Auto               ;
; Resource Aware Inference For Block RAM                                     ; On                 ; On                 ;
+----------------------------------------------------------------------------+--------------------+--------------------+


+------------------------------------------+
; Parallel Compilation                     ;
+----------------------------+-------------+
; Processors                 ; Number      ;
+----------------------------+-------------+
; Number detected on machine ; 4           ;
; Maximum allowed            ; 4           ;
;                            ;             ;
; Average used               ; 1.00        ;
; Maximum used               ; 1           ;
;                            ;             ;
; Usage by Processor         ; % Time Used ;
;     1 processor            ; 100.0%      ;
;     2-4 processors         ;   0.0%      ;
+----------------------------+-------------+


+----------------------------------------------------------------------------------------------------------------------------------------------------------+
; Analysis & Synthesis Source Files Read                                                                                                                   ;
+----------------------------------+-----------------+------------------------------------+----------------------------------------------------------------+
; File Name with User-Entered Path ; Used in Netlist ; File Type                          ; File Name with Absolute Path                                   ;
+----------------------------------+-----------------+------------------------------------+----------------------------------------------------------------+
; instrucoes.mif                   ; yes             ; User Memory Initialization File    ; C:/Users/jraf/Documents/Mips/instrucoes.mif                    ;
; Control.sv                       ; yes             ; User SystemVerilog HDL File        ; C:/Users/jraf/Documents/Mips/Control.sv                        ;
; Banco_reg.vhd                    ; yes             ; User VHDL File                     ; C:/Users/jraf/Documents/Mips/Banco_reg.vhd                     ;
; Instr_Reg.vhd                    ; yes             ; User VHDL File                     ; C:/Users/jraf/Documents/Mips/Instr_Reg.vhd                     ;
; Memoria.vhd                      ; yes             ; User VHDL File                     ; C:/Users/jraf/Documents/Mips/Memoria.vhd                       ;
; Registrador.vhd                  ; yes             ; User VHDL File                     ; C:/Users/jraf/Documents/Mips/Registrador.vhd                   ;
; ula32.vhd                        ; yes             ; User VHDL File                     ; C:/Users/jraf/Documents/Mips/ula32.vhd                         ;
; MIPS.sv                          ; yes             ; User SystemVerilog HDL File        ; C:/Users/jraf/Documents/Mips/MIPS.sv                           ;
; MUX.sv                           ; yes             ; User SystemVerilog HDL File        ; C:/Users/jraf/Documents/Mips/MUX.sv                            ;
; signextend.sv                    ; yes             ; Auto-Found SystemVerilog HDL File  ; C:/Users/jraf/Documents/Mips/signextend.sv                     ;
; lpm_ram_dq.tdf                   ; yes             ; Megafunction                       ; c:/altera/91sp2/quartus/libraries/megafunctions/lpm_ram_dq.tdf ;
; altram.tdf                       ; yes             ; Megafunction                       ; c:/altera/91sp2/quartus/libraries/megafunctions/altram.tdf     ;
; altsyncram.tdf                   ; yes             ; Megafunction                       ; c:/altera/91sp2/quartus/libraries/megafunctions/altsyncram.tdf ;
; db/altsyncram_e1a1.tdf           ; yes             ; Auto-Generated Megafunction        ; C:/Users/jraf/Documents/Mips/db/altsyncram_e1a1.tdf            ;
+----------------------------------+-----------------+------------------------------------+----------------------------------------------------------------+


+-----------------------------------------------------+
; Analysis & Synthesis Resource Usage Summary         ;
+---------------------------------------------+-------+
; Resource                                    ; Usage ;
+---------------------------------------------+-------+
; Estimated Total logic elements              ; 452   ;
;                                             ;       ;
; Total combinational functions               ; 358   ;
; Logic element usage by number of LUT inputs ;       ;
;     -- 4 input functions                    ; 275   ;
;     -- 3 input functions                    ; 50    ;
;     -- <=2 input functions                  ; 33    ;
;                                             ;       ;
; Logic elements by mode                      ;       ;
;     -- normal mode                          ; 338   ;
;     -- arithmetic mode                      ; 20    ;
;                                             ;       ;
; Total registers                             ; 152   ;
;     -- Dedicated logic registers            ; 152   ;
;     -- I/O registers                        ; 0     ;
;                                             ;       ;
; I/O pins                                    ; 274   ;
; Total memory bits                           ; 8192  ;
; Maximum fan-out node                        ; Clk   ;
; Maximum fan-out                             ; 184   ;
; Total fan-out                               ; 2478  ;
; Average fan-out                             ; 3.04  ;
+---------------------------------------------+-------+


+---------------------------------------------------------------------------------------------------------------------------------------------------------------------------------------------------------------------------------------------------------------------------------------------+
; Analysis & Synthesis Resource Utilization by Entity                                                                                                                                                                                                                                         ;
+-------------------------------------------------+-------------------+--------------+-------------+--------------+---------+-----------+------+--------------+----------------------------------------------------------------------------------------------------------------+--------------+
; Compilation Hierarchy Node                      ; LC Combinationals ; LC Registers ; Memory Bits ; DSP Elements ; DSP 9x9 ; DSP 18x18 ; Pins ; Virtual Pins ; Full Hierarchy Name                                                                                            ; Library Name ;
+-------------------------------------------------+-------------------+--------------+-------------+--------------+---------+-----------+------+--------------+----------------------------------------------------------------------------------------------------------------+--------------+
; |MIPS                                           ; 358 (1)           ; 152 (0)      ; 8192        ; 0            ; 0       ; 0         ; 274  ; 0            ; |MIPS                                                                                                          ; work         ;
;    |Control:comb_401|                           ; 73 (73)           ; 24 (24)      ; 0           ; 0            ; 0       ; 0         ; 0    ; 0            ; |MIPS|Control:comb_401                                                                                         ; work         ;
;    |Instr_Reg:Instruction_Register|             ; 0 (0)             ; 32 (32)      ; 0           ; 0            ; 0       ; 0         ; 0    ; 0            ; |MIPS|Instr_Reg:Instruction_Register                                                                           ; work         ;
;    |Memoria:Memory|                             ; 23 (23)           ; 0 (0)        ; 8192        ; 0            ; 0       ; 0         ; 0    ; 0            ; |MIPS|Memoria:Memory                                                                                           ; work         ;
;       |lpm_ram_dq:MEM_plus_One|                 ; 0 (0)             ; 0 (0)        ; 2048        ; 0            ; 0       ; 0         ; 0    ; 0            ; |MIPS|Memoria:Memory|lpm_ram_dq:MEM_plus_One                                                                   ; work         ;
;          |altram:sram|                          ; 0 (0)             ; 0 (0)        ; 2048        ; 0            ; 0       ; 0         ; 0    ; 0            ; |MIPS|Memoria:Memory|lpm_ram_dq:MEM_plus_One|altram:sram                                                       ;              ;
;             |altsyncram:ram_block|              ; 0 (0)             ; 0 (0)        ; 2048        ; 0            ; 0       ; 0         ; 0    ; 0            ; |MIPS|Memoria:Memory|lpm_ram_dq:MEM_plus_One|altram:sram|altsyncram:ram_block                                  ;              ;
;                |altsyncram_e1a1:auto_generated| ; 0 (0)             ; 0 (0)        ; 2048        ; 0            ; 0       ; 0         ; 0    ; 0            ; |MIPS|Memoria:Memory|lpm_ram_dq:MEM_plus_One|altram:sram|altsyncram:ram_block|altsyncram_e1a1:auto_generated   ;              ;
;       |lpm_ram_dq:MEM_plus_Three|               ; 0 (0)             ; 0 (0)        ; 2048        ; 0            ; 0       ; 0         ; 0    ; 0            ; |MIPS|Memoria:Memory|lpm_ram_dq:MEM_plus_Three                                                                 ;              ;
;          |altram:sram|                          ; 0 (0)             ; 0 (0)        ; 2048        ; 0            ; 0       ; 0         ; 0    ; 0            ; |MIPS|Memoria:Memory|lpm_ram_dq:MEM_plus_Three|altram:sram                                                     ; work         ;
;             |altsyncram:ram_block|              ; 0 (0)             ; 0 (0)        ; 2048        ; 0            ; 0       ; 0         ; 0    ; 0            ; |MIPS|Memoria:Memory|lpm_ram_dq:MEM_plus_Three|altram:sram|altsyncram:ram_block                                ; work         ;
;                |altsyncram_e1a1:auto_generated| ; 0 (0)             ; 0 (0)        ; 2048        ; 0            ; 0       ; 0         ; 0    ; 0            ; |MIPS|Memoria:Memory|lpm_ram_dq:MEM_plus_Three|altram:sram|altsyncram:ram_block|altsyncram_e1a1:auto_generated ; work         ;
;       |lpm_ram_dq:MEM_plus_Two|                 ; 0 (0)             ; 0 (0)        ; 2048        ; 0            ; 0       ; 0         ; 0    ; 0            ; |MIPS|Memoria:Memory|lpm_ram_dq:MEM_plus_Two                                                                   ;              ;
;          |altram:sram|                          ; 0 (0)             ; 0 (0)        ; 2048        ; 0            ; 0       ; 0         ; 0    ; 0            ; |MIPS|Memoria:Memory|lpm_ram_dq:MEM_plus_Two|altram:sram                                                       ;              ;
;             |altsyncram:ram_block|              ; 0 (0)             ; 0 (0)        ; 2048        ; 0            ; 0       ; 0         ; 0    ; 0            ; |MIPS|Memoria:Memory|lpm_ram_dq:MEM_plus_Two|altram:sram|altsyncram:ram_block                                  ;              ;
;                |altsyncram_e1a1:auto_generated| ; 0 (0)             ; 0 (0)        ; 2048        ; 0            ; 0       ; 0         ; 0    ; 0            ; |MIPS|Memoria:Memory|lpm_ram_dq:MEM_plus_Two|altram:sram|altsyncram:ram_block|altsyncram_e1a1:auto_generated   ;              ;
;       |lpm_ram_dq:MEM|                          ; 0 (0)             ; 0 (0)        ; 2048        ; 0            ; 0       ; 0         ; 0    ; 0            ; |MIPS|Memoria:Memory|lpm_ram_dq:MEM                                                                            ; work         ;
;          |altram:sram|                          ; 0 (0)             ; 0 (0)        ; 2048        ; 0            ; 0       ; 0         ; 0    ; 0            ; |MIPS|Memoria:Memory|lpm_ram_dq:MEM|altram:sram                                                                ; work         ;
;             |altsyncram:ram_block|              ; 0 (0)             ; 0 (0)        ; 2048        ; 0            ; 0       ; 0         ; 0    ; 0            ; |MIPS|Memoria:Memory|lpm_ram_dq:MEM|altram:sram|altsyncram:ram_block                                           ; work         ;
;                |altsyncram_e1a1:auto_generated| ; 0 (0)             ; 0 (0)        ; 2048        ; 0            ; 0       ; 0         ; 0    ; 0            ; |MIPS|Memoria:Memory|lpm_ram_dq:MEM|altram:sram|altsyncram:ram_block|altsyncram_e1a1:auto_generated            ; work         ;
;    |Mux32bit_2x1:LHS_Mux|                       ; 1 (1)             ; 0 (0)        ; 0           ; 0            ; 0       ; 0         ; 0    ; 0            ; |MIPS|Mux32bit_2x1:LHS_Mux                                                                                     ; work         ;
;    |Mux32bit_2x1:MemMux|                        ; 32 (32)           ; 0 (0)        ; 0           ; 0            ; 0       ; 0         ; 0    ; 0            ; |MIPS|Mux32bit_2x1:MemMux                                                                                      ; work         ;
;    |Mux32bit_2x1:WriteDataMux|                  ; 32 (32)           ; 0 (0)        ; 0           ; 0            ; 0       ; 0         ; 0    ; 0            ; |MIPS|Mux32bit_2x1:WriteDataMux                                                                                ; work         ;
;    |Mux32bits_4x2:PC_MUX|                       ; 2 (2)             ; 0 (0)        ; 0           ; 0            ; 0       ; 0         ; 0    ; 0            ; |MIPS|Mux32bits_4x2:PC_MUX                                                                                     ; work         ;
;    |Mux32bits_4x2:RHS_Mux|                      ; 16 (16)           ; 0 (0)        ; 0           ; 0            ; 0       ; 0         ; 0    ; 0            ; |MIPS|Mux32bits_4x2:RHS_Mux                                                                                    ; work         ;
;    |Registrador:ALUOut_Reg|                     ; 0 (0)             ; 32 (32)      ; 0           ; 0            ; 0       ; 0         ; 0    ; 0            ; |MIPS|Registrador:ALUOut_Reg                                                                                   ; work         ;
;    |Registrador:MemDataRegister|                ; 0 (0)             ; 32 (32)      ; 0           ; 0            ; 0       ; 0         ; 0    ; 0            ; |MIPS|Registrador:MemDataRegister                                                                              ; work         ;
;    |Registrador:ProgramCounter|                 ; 27 (27)           ; 32 (32)      ; 0           ; 0            ; 0       ; 0         ; 0    ; 0            ; |MIPS|Registrador:ProgramCounter                                                                               ; work         ;
;    |Ula32:ALU|                                  ; 151 (151)         ; 0 (0)        ; 0           ; 0            ; 0       ; 0         ; 0    ; 0            ; |MIPS|Ula32:ALU                                                                                                ; work         ;
+-------------------------------------------------+-------------------+--------------+-------------+--------------+---------+-----------+------+--------------+----------------------------------------------------------------------------------------------------------------+--------------+
Note: For table entries with two numbers listed, the numbers in parentheses indicate the number of resources of the given type used by the specific entity alone. The numbers listed outside of parentheses indicate the total resources of the given type used by the specific entity and all of its sub-entities in the hierarchy.


+------------------------------------------------------------------------------------------------------------------------------------------------------------------------------------------------------------------------------+
; Analysis & Synthesis RAM Summary                                                                                                                                                                                             ;
+---------------------------------------------------------------------------------------------------------------------+------+-------------+--------------+--------------+--------------+--------------+------+----------------+
; Name                                                                                                                ; Type ; Mode        ; Port A Depth ; Port A Width ; Port B Depth ; Port B Width ; Size ; MIF            ;
+---------------------------------------------------------------------------------------------------------------------+------+-------------+--------------+--------------+--------------+--------------+------+----------------+
; Memoria:Memory|lpm_ram_dq:MEM_plus_One|altram:sram|altsyncram:ram_block|altsyncram_e1a1:auto_generated|ALTSYNCRAM   ; AUTO ; Single Port ; 256          ; 8            ; --           ; --           ; 2048 ; instrucoes.mif ;
; Memoria:Memory|lpm_ram_dq:MEM_plus_Three|altram:sram|altsyncram:ram_block|altsyncram_e1a1:auto_generated|ALTSYNCRAM ; AUTO ; Single Port ; 256          ; 8            ; --           ; --           ; 2048 ; instrucoes.mif ;
; Memoria:Memory|lpm_ram_dq:MEM_plus_Two|altram:sram|altsyncram:ram_block|altsyncram_e1a1:auto_generated|ALTSYNCRAM   ; AUTO ; Single Port ; 256          ; 8            ; --           ; --           ; 2048 ; instrucoes.mif ;
; Memoria:Memory|lpm_ram_dq:MEM|altram:sram|altsyncram:ram_block|altsyncram_e1a1:auto_generated|ALTSYNCRAM            ; AUTO ; Single Port ; 256          ; 8            ; --           ; --           ; 2048 ; instrucoes.mif ;
+---------------------------------------------------------------------------------------------------------------------+------+-------------+--------------+--------------+--------------+--------------+------+----------------+


Encoding Type:  One-Hot
+---------------------------------------------------------------------------------------------------------------------------------------------------------------------------------------------------------------------------------------------------------------------------------------------------------------------------+
; State Machine - |MIPS|Control:comb_401|state                                                                                                                                                                                                                                                                              ;
+------------------------+-----------+-------------+-------------+-----------+-----------+-----------+-----------+-----------+-------------+-------------+-------------+---------+-----------+----------+----------+-----------+--------------+------------------------+------------------------+-------------+-------------+
; Name                   ; state.INC ; state.NOT_A ; state.BREAK ; state.XOR ; state.SUB ; state.AND ; state.ADD ; state.NOP ; state.BEQ_3 ; state.BEQ_2 ; state.BEQ_1 ; state.J ; state.LUI ; state.SW ; state.LW ; state.BNE ; state.DECODE ; state.FETCH_MEM_DELAY2 ; state.FETCH_MEM_DELAY1 ; state.FETCH ; state.RESET ;
+------------------------+-----------+-------------+-------------+-----------+-----------+-----------+-----------+-----------+-------------+-------------+-------------+---------+-----------+----------+----------+-----------+--------------+------------------------+------------------------+-------------+-------------+
; state.RESET            ; 0         ; 0           ; 0           ; 0         ; 0         ; 0         ; 0         ; 0         ; 0           ; 0           ; 0           ; 0       ; 0         ; 0        ; 0        ; 0         ; 0            ; 0                      ; 0                      ; 0           ; 0           ;
; state.FETCH            ; 0         ; 0           ; 0           ; 0         ; 0         ; 0         ; 0         ; 0         ; 0           ; 0           ; 0           ; 0       ; 0         ; 0        ; 0        ; 0         ; 0            ; 0                      ; 0                      ; 1           ; 1           ;
; state.FETCH_MEM_DELAY1 ; 0         ; 0           ; 0           ; 0         ; 0         ; 0         ; 0         ; 0         ; 0           ; 0           ; 0           ; 0       ; 0         ; 0        ; 0        ; 0         ; 0            ; 0                      ; 1                      ; 0           ; 1           ;
; state.FETCH_MEM_DELAY2 ; 0         ; 0           ; 0           ; 0         ; 0         ; 0         ; 0         ; 0         ; 0           ; 0           ; 0           ; 0       ; 0         ; 0        ; 0        ; 0         ; 0            ; 1                      ; 0                      ; 0           ; 1           ;
; state.DECODE           ; 0         ; 0           ; 0           ; 0         ; 0         ; 0         ; 0         ; 0         ; 0           ; 0           ; 0           ; 0       ; 0         ; 0        ; 0        ; 0         ; 1            ; 0                      ; 0                      ; 0           ; 1           ;
; state.BNE              ; 0         ; 0           ; 0           ; 0         ; 0         ; 0         ; 0         ; 0         ; 0           ; 0           ; 0           ; 0       ; 0         ; 0        ; 0        ; 1         ; 0            ; 0                      ; 0                      ; 0           ; 1           ;
; state.LW               ; 0         ; 0           ; 0           ; 0         ; 0         ; 0         ; 0         ; 0         ; 0           ; 0           ; 0           ; 0       ; 0         ; 0        ; 1        ; 0         ; 0            ; 0                      ; 0                      ; 0           ; 1           ;
; state.SW               ; 0         ; 0           ; 0           ; 0         ; 0         ; 0         ; 0         ; 0         ; 0           ; 0           ; 0           ; 0       ; 0         ; 1        ; 0        ; 0         ; 0            ; 0                      ; 0                      ; 0           ; 1           ;
; state.LUI              ; 0         ; 0           ; 0           ; 0         ; 0         ; 0         ; 0         ; 0         ; 0           ; 0           ; 0           ; 0       ; 1         ; 0        ; 0        ; 0         ; 0            ; 0                      ; 0                      ; 0           ; 1           ;
; state.J                ; 0         ; 0           ; 0           ; 0         ; 0         ; 0         ; 0         ; 0         ; 0           ; 0           ; 0           ; 1       ; 0         ; 0        ; 0        ; 0         ; 0            ; 0                      ; 0                      ; 0           ; 1           ;
; state.BEQ_1            ; 0         ; 0           ; 0           ; 0         ; 0         ; 0         ; 0         ; 0         ; 0           ; 0           ; 1           ; 0       ; 0         ; 0        ; 0        ; 0         ; 0            ; 0                      ; 0                      ; 0           ; 1           ;
; state.BEQ_2            ; 0         ; 0           ; 0           ; 0         ; 0         ; 0         ; 0         ; 0         ; 0           ; 1           ; 0           ; 0       ; 0         ; 0        ; 0        ; 0         ; 0            ; 0                      ; 0                      ; 0           ; 1           ;
; state.BEQ_3            ; 0         ; 0           ; 0           ; 0         ; 0         ; 0         ; 0         ; 0         ; 1           ; 0           ; 0           ; 0       ; 0         ; 0        ; 0        ; 0         ; 0            ; 0                      ; 0                      ; 0           ; 1           ;
; state.NOP              ; 0         ; 0           ; 0           ; 0         ; 0         ; 0         ; 0         ; 1         ; 0           ; 0           ; 0           ; 0       ; 0         ; 0        ; 0        ; 0         ; 0            ; 0                      ; 0                      ; 0           ; 1           ;
; state.ADD              ; 0         ; 0           ; 0           ; 0         ; 0         ; 0         ; 1         ; 0         ; 0           ; 0           ; 0           ; 0       ; 0         ; 0        ; 0        ; 0         ; 0            ; 0                      ; 0                      ; 0           ; 1           ;
; state.AND              ; 0         ; 0           ; 0           ; 0         ; 0         ; 1         ; 0         ; 0         ; 0           ; 0           ; 0           ; 0       ; 0         ; 0        ; 0        ; 0         ; 0            ; 0                      ; 0                      ; 0           ; 1           ;
; state.SUB              ; 0         ; 0           ; 0           ; 0         ; 1         ; 0         ; 0         ; 0         ; 0           ; 0           ; 0           ; 0       ; 0         ; 0        ; 0        ; 0         ; 0            ; 0                      ; 0                      ; 0           ; 1           ;
; state.XOR              ; 0         ; 0           ; 0           ; 1         ; 0         ; 0         ; 0         ; 0         ; 0           ; 0           ; 0           ; 0       ; 0         ; 0        ; 0        ; 0         ; 0            ; 0                      ; 0                      ; 0           ; 1           ;
; state.BREAK            ; 0         ; 0           ; 1           ; 0         ; 0         ; 0         ; 0         ; 0         ; 0           ; 0           ; 0           ; 0       ; 0         ; 0        ; 0        ; 0         ; 0            ; 0                      ; 0                      ; 0           ; 1           ;
; state.NOT_A            ; 0         ; 1           ; 0           ; 0         ; 0         ; 0         ; 0         ; 0         ; 0           ; 0           ; 0           ; 0       ; 0         ; 0        ; 0        ; 0         ; 0            ; 0                      ; 0                      ; 0           ; 1           ;
; state.INC              ; 1         ; 0           ; 0           ; 0         ; 0         ; 0         ; 0         ; 0         ; 0           ; 0           ; 0           ; 0       ; 0         ; 0        ; 0        ; 0         ; 0            ; 0                      ; 0                      ; 0           ; 1           ;
+------------------------+-----------+-------------+-------------+-----------+-----------+-----------+-----------+-----------+-------------+-------------+-------------+---------+-----------+----------+----------+-----------+--------------+------------------------+------------------------+-------------+-------------+


+----------------------------------------------------------------------------------------+
; Registers Removed During Synthesis                                                     ;
+------------------------------------------+---------------------------------------------+
; Register name                            ; Reason for Removal                          ;
+------------------------------------------+---------------------------------------------+
; Banco_reg:Registers|Reg0[0..31]          ; Stuck at GND due to stuck port clock_enable ;
; Banco_reg:Registers|Reg1[0..31]          ; Stuck at GND due to stuck port clock_enable ;
; Banco_reg:Registers|Reg2[0..31]          ; Stuck at GND due to stuck port clock_enable ;
; Banco_reg:Registers|Reg3[0..31]          ; Stuck at GND due to stuck port clock_enable ;
; Banco_reg:Registers|Reg4[0..31]          ; Stuck at GND due to stuck port clock_enable ;
; Banco_reg:Registers|Reg5[0..31]          ; Stuck at GND due to stuck port clock_enable ;
; Banco_reg:Registers|Reg6[0..31]          ; Stuck at GND due to stuck port clock_enable ;
; Banco_reg:Registers|Reg7[0..31]          ; Stuck at GND due to stuck port clock_enable ;
; Banco_reg:Registers|Reg8[0..31]          ; Stuck at GND due to stuck port clock_enable ;
; Banco_reg:Registers|Reg9[0..31]          ; Stuck at GND due to stuck port clock_enable ;
; Banco_reg:Registers|Reg10[0..31]         ; Stuck at GND due to stuck port clock_enable ;
; Banco_reg:Registers|Reg11[0..31]         ; Stuck at GND due to stuck port clock_enable ;
; Banco_reg:Registers|Reg12[0..31]         ; Stuck at GND due to stuck port clock_enable ;
; Banco_reg:Registers|Reg13[0..31]         ; Stuck at GND due to stuck port clock_enable ;
; Banco_reg:Registers|Reg14[0..31]         ; Stuck at GND due to stuck port clock_enable ;
; Banco_reg:Registers|Reg15[0..31]         ; Stuck at GND due to stuck port clock_enable ;
; Banco_reg:Registers|Reg16[0..31]         ; Stuck at GND due to stuck port clock_enable ;
; Banco_reg:Registers|Reg17[0..31]         ; Stuck at GND due to stuck port clock_enable ;
; Banco_reg:Registers|Reg18[0..31]         ; Stuck at GND due to stuck port clock_enable ;
; Banco_reg:Registers|Reg19[0..31]         ; Stuck at GND due to stuck port clock_enable ;
; Banco_reg:Registers|Reg20[0..31]         ; Stuck at GND due to stuck port clock_enable ;
; Banco_reg:Registers|Reg21[0..31]         ; Stuck at GND due to stuck port clock_enable ;
; Banco_reg:Registers|Reg22[0..31]         ; Stuck at GND due to stuck port clock_enable ;
; Banco_reg:Registers|Reg23[0..31]         ; Stuck at GND due to stuck port clock_enable ;
; Banco_reg:Registers|Reg24[0..31]         ; Stuck at GND due to stuck port clock_enable ;
; Banco_reg:Registers|Reg25[0..31]         ; Stuck at GND due to stuck port clock_enable ;
; Banco_reg:Registers|Reg26[0..31]         ; Stuck at GND due to stuck port clock_enable ;
; Banco_reg:Registers|Reg27[0..31]         ; Stuck at GND due to stuck port clock_enable ;
; Banco_reg:Registers|Reg28[0..31]         ; Stuck at GND due to stuck port clock_enable ;
; Banco_reg:Registers|Reg29[0..31]         ; Stuck at GND due to stuck port clock_enable ;
; Banco_reg:Registers|Reg30[0..31]         ; Stuck at GND due to stuck port clock_enable ;
; Banco_reg:Registers|Reg31[0..31]         ; Stuck at GND due to stuck port clock_enable ;
; Control:comb_401|StateOut[5..7]          ; Stuck at GND due to stuck port data_in      ;
; Registrador:B|Saida[0..31]               ; Stuck at GND due to stuck port data_in      ;
; Registrador:A|Saida[0..31]               ; Stuck at GND due to stuck port data_in      ;
; Control:comb_401|state.NOT_A             ; Lost fanout                                 ;
; Control:comb_401|state.INC               ; Lost fanout                                 ;
; Control:comb_401|state~2                 ; Lost fanout                                 ;
; Control:comb_401|state~3                 ; Lost fanout                                 ;
; Control:comb_401|state~4                 ; Lost fanout                                 ;
; Control:comb_401|state~5                 ; Lost fanout                                 ;
; Control:comb_401|state~6                 ; Lost fanout                                 ;
; Control:comb_401|state~7                 ; Lost fanout                                 ;
; Control:comb_401|state~8                 ; Lost fanout                                 ;
; Control:comb_401|state~9                 ; Lost fanout                                 ;
; Total Number of Removed Registers = 1101 ;                                             ;
+------------------------------------------+---------------------------------------------+


+------------------------------------------------------------------------------------------------------------------+
; Removed Registers Triggering Further Register Optimizations                                                      ;
+------------------------------+--------------------------------+--------------------------------------------------+
; Register name                ; Reason for Removal             ; Registers Removed due to This Register           ;
+------------------------------+--------------------------------+--------------------------------------------------+
; Banco_reg:Registers|Reg0[31] ; Stuck at GND                   ; Registrador:B|Saida[31], Registrador:A|Saida[31] ;
;                              ; due to stuck port clock_enable ;                                                  ;
; Banco_reg:Registers|Reg0[30] ; Stuck at GND                   ; Registrador:B|Saida[30], Registrador:A|Saida[30] ;
;                              ; due to stuck port clock_enable ;                                                  ;
; Banco_reg:Registers|Reg0[29] ; Stuck at GND                   ; Registrador:B|Saida[29], Registrador:A|Saida[29] ;
;                              ; due to stuck port clock_enable ;                                                  ;
; Banco_reg:Registers|Reg0[28] ; Stuck at GND                   ; Registrador:B|Saida[28], Registrador:A|Saida[28] ;
;                              ; due to stuck port clock_enable ;                                                  ;
; Banco_reg:Registers|Reg0[27] ; Stuck at GND                   ; Registrador:B|Saida[27], Registrador:A|Saida[27] ;
;                              ; due to stuck port clock_enable ;                                                  ;
; Banco_reg:Registers|Reg0[26] ; Stuck at GND                   ; Registrador:B|Saida[26], Registrador:A|Saida[26] ;
;                              ; due to stuck port clock_enable ;                                                  ;
; Banco_reg:Registers|Reg0[25] ; Stuck at GND                   ; Registrador:B|Saida[25], Registrador:A|Saida[25] ;
;                              ; due to stuck port clock_enable ;                                                  ;
; Banco_reg:Registers|Reg0[24] ; Stuck at GND                   ; Registrador:B|Saida[24], Registrador:A|Saida[24] ;
;                              ; due to stuck port clock_enable ;                                                  ;
; Banco_reg:Registers|Reg0[23] ; Stuck at GND                   ; Registrador:B|Saida[23], Registrador:A|Saida[23] ;
;                              ; due to stuck port clock_enable ;                                                  ;
; Banco_reg:Registers|Reg0[22] ; Stuck at GND                   ; Registrador:B|Saida[22], Registrador:A|Saida[22] ;
;                              ; due to stuck port clock_enable ;                                                  ;
; Banco_reg:Registers|Reg0[21] ; Stuck at GND                   ; Registrador:B|Saida[21], Registrador:A|Saida[21] ;
;                              ; due to stuck port clock_enable ;                                                  ;
; Banco_reg:Registers|Reg0[20] ; Stuck at GND                   ; Registrador:B|Saida[20], Registrador:A|Saida[20] ;
;                              ; due to stuck port clock_enable ;                                                  ;
; Banco_reg:Registers|Reg0[19] ; Stuck at GND                   ; Registrador:B|Saida[19], Registrador:A|Saida[19] ;
;                              ; due to stuck port clock_enable ;                                                  ;
; Banco_reg:Registers|Reg0[18] ; Stuck at GND                   ; Registrador:B|Saida[18], Registrador:A|Saida[18] ;
;                              ; due to stuck port clock_enable ;                                                  ;
; Banco_reg:Registers|Reg0[17] ; Stuck at GND                   ; Registrador:B|Saida[17], Registrador:A|Saida[17] ;
;                              ; due to stuck port clock_enable ;                                                  ;
; Banco_reg:Registers|Reg0[16] ; Stuck at GND                   ; Registrador:B|Saida[16], Registrador:A|Saida[16] ;
;                              ; due to stuck port clock_enable ;                                                  ;
; Banco_reg:Registers|Reg0[15] ; Stuck at GND                   ; Registrador:B|Saida[15], Registrador:A|Saida[15] ;
;                              ; due to stuck port clock_enable ;                                                  ;
; Banco_reg:Registers|Reg0[14] ; Stuck at GND                   ; Registrador:B|Saida[14], Registrador:A|Saida[14] ;
;                              ; due to stuck port clock_enable ;                                                  ;
; Banco_reg:Registers|Reg0[13] ; Stuck at GND                   ; Registrador:B|Saida[13], Registrador:A|Saida[13] ;
;                              ; due to stuck port clock_enable ;                                                  ;
; Banco_reg:Registers|Reg0[12] ; Stuck at GND                   ; Registrador:B|Saida[12], Registrador:A|Saida[12] ;
;                              ; due to stuck port clock_enable ;                                                  ;
; Banco_reg:Registers|Reg0[11] ; Stuck at GND                   ; Registrador:B|Saida[11], Registrador:A|Saida[11] ;
;                              ; due to stuck port clock_enable ;                                                  ;
; Banco_reg:Registers|Reg0[10] ; Stuck at GND                   ; Registrador:B|Saida[10], Registrador:A|Saida[10] ;
;                              ; due to stuck port clock_enable ;                                                  ;
; Banco_reg:Registers|Reg0[9]  ; Stuck at GND                   ; Registrador:B|Saida[9], Registrador:A|Saida[9]   ;
;                              ; due to stuck port clock_enable ;                                                  ;
; Banco_reg:Registers|Reg0[8]  ; Stuck at GND                   ; Registrador:B|Saida[8], Registrador:A|Saida[8]   ;
;                              ; due to stuck port clock_enable ;                                                  ;
; Banco_reg:Registers|Reg0[7]  ; Stuck at GND                   ; Registrador:B|Saida[7], Registrador:A|Saida[7]   ;
;                              ; due to stuck port clock_enable ;                                                  ;
; Banco_reg:Registers|Reg0[6]  ; Stuck at GND                   ; Registrador:B|Saida[6], Registrador:A|Saida[6]   ;
;                              ; due to stuck port clock_enable ;                                                  ;
; Banco_reg:Registers|Reg0[5]  ; Stuck at GND                   ; Registrador:B|Saida[5], Registrador:A|Saida[5]   ;
;                              ; due to stuck port clock_enable ;                                                  ;
; Banco_reg:Registers|Reg0[4]  ; Stuck at GND                   ; Registrador:B|Saida[4], Registrador:A|Saida[4]   ;
;                              ; due to stuck port clock_enable ;                                                  ;
; Banco_reg:Registers|Reg0[3]  ; Stuck at GND                   ; Registrador:B|Saida[3], Registrador:A|Saida[3]   ;
;                              ; due to stuck port clock_enable ;                                                  ;
; Banco_reg:Registers|Reg0[2]  ; Stuck at GND                   ; Registrador:B|Saida[2], Registrador:A|Saida[2]   ;
;                              ; due to stuck port clock_enable ;                                                  ;
; Banco_reg:Registers|Reg0[1]  ; Stuck at GND                   ; Registrador:B|Saida[1], Registrador:A|Saida[1]   ;
;                              ; due to stuck port clock_enable ;                                                  ;
; Banco_reg:Registers|Reg0[0]  ; Stuck at GND                   ; Registrador:B|Saida[0], Registrador:A|Saida[0]   ;
;                              ; due to stuck port clock_enable ;                                                  ;
+------------------------------+--------------------------------+--------------------------------------------------+


+------------------------------------------------------+
; General Register Statistics                          ;
+----------------------------------------------+-------+
; Statistic                                    ; Value ;
+----------------------------------------------+-------+
; Total registers                              ; 152   ;
; Number of registers using Synchronous Clear  ; 0     ;
; Number of registers using Synchronous Load   ; 26    ;
; Number of registers using Asynchronous Clear ; 96    ;
; Number of registers using Asynchronous Load  ; 0     ;
; Number of registers using Clock Enable       ; 128   ;
; Number of registers using Preset             ; 0     ;
+----------------------------------------------+-------+


+------------------------------------------------------------------------------------------------------------------------------------------------+
; Multiplexer Restructuring Statistics (Restructuring Performed)                                                                                 ;
+--------------------+-----------+---------------+----------------------+------------------------+------------+----------------------------------+
; Multiplexer Inputs ; Bus Width ; Baseline Area ; Area if Restructured ; Saving if Restructured ; Registered ; Example Multiplexer Output       ;
+--------------------+-----------+---------------+----------------------+------------------------+------------+----------------------------------+
; 4:1                ; 2 bits    ; 4 LEs         ; 4 LEs                ; 0 LEs                  ; No         ; |MIPS|Ula32:ALU|Mux47            ;
; 8:1                ; 16 bits   ; 80 LEs        ; 32 LEs               ; 48 LEs                 ; No         ; |MIPS|Ula32:ALU|Mux61            ;
; 8:1                ; 32 bits   ; 160 LEs       ; 96 LEs               ; 64 LEs                 ; No         ; |MIPS|Ula32:ALU|Mux3             ;
; 65:1               ; 4 bits    ; 172 LEs       ; 4 LEs                ; 168 LEs                ; No         ; |MIPS|Control:comb_401|Selector7 ;
; 67:1               ; 11 bits   ; 484 LEs       ; 88 LEs               ; 396 LEs                ; No         ; |MIPS|Control:comb_401|state     ;
; 129:1              ; 6 bits    ; 516 LEs       ; 48 LEs               ; 468 LEs                ; No         ; |MIPS|Control:comb_401|state     ;
+--------------------+-----------+---------------+----------------------+------------------------+------------+----------------------------------+


+----------------------------------------------------------------------------------------------------------------------+
; Source assignments for Memoria:Memory|LPM_RAM_DQ:MEM|altram:sram|altsyncram:ram_block|altsyncram_e1a1:auto_generated ;
+---------------------------------+--------------------+------+--------------------------------------------------------+
; Assignment                      ; Value              ; From ; To                                                     ;
+---------------------------------+--------------------+------+--------------------------------------------------------+
; OPTIMIZE_POWER_DURING_SYNTHESIS ; NORMAL_COMPILATION ; -    ; -                                                      ;
+---------------------------------+--------------------+------+--------------------------------------------------------+


+-------------------------------------------------------------------------------------------------------------------------------+
; Source assignments for Memoria:Memory|LPM_RAM_DQ:MEM_plus_One|altram:sram|altsyncram:ram_block|altsyncram_e1a1:auto_generated ;
+---------------------------------+--------------------+------+-----------------------------------------------------------------+
; Assignment                      ; Value              ; From ; To                                                              ;
+---------------------------------+--------------------+------+-----------------------------------------------------------------+
; OPTIMIZE_POWER_DURING_SYNTHESIS ; NORMAL_COMPILATION ; -    ; -                                                               ;
+---------------------------------+--------------------+------+-----------------------------------------------------------------+


+-------------------------------------------------------------------------------------------------------------------------------+
; Source assignments for Memoria:Memory|LPM_RAM_DQ:MEM_plus_Two|altram:sram|altsyncram:ram_block|altsyncram_e1a1:auto_generated ;
+---------------------------------+--------------------+------+-----------------------------------------------------------------+
; Assignment                      ; Value              ; From ; To                                                              ;
+---------------------------------+--------------------+------+-----------------------------------------------------------------+
; OPTIMIZE_POWER_DURING_SYNTHESIS ; NORMAL_COMPILATION ; -    ; -                                                               ;
+---------------------------------+--------------------+------+-----------------------------------------------------------------+


+---------------------------------------------------------------------------------------------------------------------------------+
; Source assignments for Memoria:Memory|LPM_RAM_DQ:MEM_plus_Three|altram:sram|altsyncram:ram_block|altsyncram_e1a1:auto_generated ;
+---------------------------------+--------------------+------+-------------------------------------------------------------------+
; Assignment                      ; Value              ; From ; To                                                                ;
+---------------------------------+--------------------+------+-------------------------------------------------------------------+
; OPTIMIZE_POWER_DURING_SYNTHESIS ; NORMAL_COMPILATION ; -    ; -                                                                 ;
+---------------------------------+--------------------+------+-------------------------------------------------------------------+


+----------------------------------------------------------------------------+
; Parameter Settings for User Entity Instance: Memoria:Memory|LPM_RAM_DQ:MEM ;
+------------------------+----------------+----------------------------------+
; Parameter Name         ; Value          ; Type                             ;
+------------------------+----------------+----------------------------------+
; LPM_WIDTH              ; 8              ; Signed Integer                   ;
; LPM_WIDTHAD            ; 8              ; Signed Integer                   ;
; LPM_NUMWORDS           ; 0              ; Signed Integer                   ;
; LPM_INDATA             ; REGISTERED     ; Untyped                          ;
; LPM_ADDRESS_CONTROL    ; REGISTERED     ; Untyped                          ;
; LPM_OUTDATA            ; REGISTERED     ; Untyped                          ;
; LPM_FILE               ; instrucoes.mif ; Untyped                          ;
; USE_EAB                ; ON             ; Untyped                          ;
; DEVICE_FAMILY          ; Cyclone II     ; Untyped                          ;
; CBXI_PARAMETER         ; NOTHING        ; Untyped                          ;
; AUTO_CARRY_CHAINS      ; ON             ; AUTO_CARRY                       ;
; IGNORE_CARRY_BUFFERS   ; OFF            ; IGNORE_CARRY                     ;
; AUTO_CASCADE_CHAINS    ; ON             ; AUTO_CASCADE                     ;
; IGNORE_CASCADE_BUFFERS ; OFF            ; IGNORE_CASCADE                   ;
+------------------------+----------------+----------------------------------+
Note: In order to hide this table in the UI and the text report file, please set the "Show Parameter Settings Tables in Synthesis Report" option in "Analysis and Synthesis Settings -> More Settings" to "Off".


+-------------------------------------------------------------------------------------+
; Parameter Settings for User Entity Instance: Memoria:Memory|LPM_RAM_DQ:MEM_plus_One ;
+------------------------+----------------+-------------------------------------------+
; Parameter Name         ; Value          ; Type                                      ;
+------------------------+----------------+-------------------------------------------+
; LPM_WIDTH              ; 8              ; Signed Integer                            ;
; LPM_WIDTHAD            ; 8              ; Signed Integer                            ;
; LPM_NUMWORDS           ; 0              ; Signed Integer                            ;
; LPM_INDATA             ; REGISTERED     ; Untyped                                   ;
; LPM_ADDRESS_CONTROL    ; REGISTERED     ; Untyped                                   ;
; LPM_OUTDATA            ; REGISTERED     ; Untyped                                   ;
; LPM_FILE               ; instrucoes.mif ; Untyped                                   ;
; USE_EAB                ; ON             ; Untyped                                   ;
; DEVICE_FAMILY          ; Cyclone II     ; Untyped                                   ;
; CBXI_PARAMETER         ; NOTHING        ; Untyped                                   ;
; AUTO_CARRY_CHAINS      ; ON             ; AUTO_CARRY                                ;
; IGNORE_CARRY_BUFFERS   ; OFF            ; IGNORE_CARRY                              ;
; AUTO_CASCADE_CHAINS    ; ON             ; AUTO_CASCADE                              ;
; IGNORE_CASCADE_BUFFERS ; OFF            ; IGNORE_CASCADE                            ;
+------------------------+----------------+-------------------------------------------+
Note: In order to hide this table in the UI and the text report file, please set the "Show Parameter Settings Tables in Synthesis Report" option in "Analysis and Synthesis Settings -> More Settings" to "Off".


+-------------------------------------------------------------------------------------+
; Parameter Settings for User Entity Instance: Memoria:Memory|LPM_RAM_DQ:MEM_plus_Two ;
+------------------------+----------------+-------------------------------------------+
; Parameter Name         ; Value          ; Type                                      ;
+------------------------+----------------+-------------------------------------------+
; LPM_WIDTH              ; 8              ; Signed Integer                            ;
; LPM_WIDTHAD            ; 8              ; Signed Integer                            ;
; LPM_NUMWORDS           ; 0              ; Signed Integer                            ;
; LPM_INDATA             ; REGISTERED     ; Untyped                                   ;
; LPM_ADDRESS_CONTROL    ; REGISTERED     ; Untyped                                   ;
; LPM_OUTDATA            ; REGISTERED     ; Untyped                                   ;
; LPM_FILE               ; instrucoes.mif ; Untyped                                   ;
; USE_EAB                ; ON             ; Untyped                                   ;
; DEVICE_FAMILY          ; Cyclone II     ; Untyped                                   ;
; CBXI_PARAMETER         ; NOTHING        ; Untyped                                   ;
; AUTO_CARRY_CHAINS      ; ON             ; AUTO_CARRY                                ;
; IGNORE_CARRY_BUFFERS   ; OFF            ; IGNORE_CARRY                              ;
; AUTO_CASCADE_CHAINS    ; ON             ; AUTO_CASCADE                              ;
; IGNORE_CASCADE_BUFFERS ; OFF            ; IGNORE_CASCADE                            ;
+------------------------+----------------+-------------------------------------------+
Note: In order to hide this table in the UI and the text report file, please set the "Show Parameter Settings Tables in Synthesis Report" option in "Analysis and Synthesis Settings -> More Settings" to "Off".


+---------------------------------------------------------------------------------------+
; Parameter Settings for User Entity Instance: Memoria:Memory|LPM_RAM_DQ:MEM_plus_Three ;
+------------------------+----------------+---------------------------------------------+
; Parameter Name         ; Value          ; Type                                        ;
+------------------------+----------------+---------------------------------------------+
; LPM_WIDTH              ; 8              ; Signed Integer                              ;
; LPM_WIDTHAD            ; 8              ; Signed Integer                              ;
; LPM_NUMWORDS           ; 0              ; Signed Integer                              ;
; LPM_INDATA             ; REGISTERED     ; Untyped                                     ;
; LPM_ADDRESS_CONTROL    ; REGISTERED     ; Untyped                                     ;
; LPM_OUTDATA            ; REGISTERED     ; Untyped                                     ;
; LPM_FILE               ; instrucoes.mif ; Untyped                                     ;
; USE_EAB                ; ON             ; Untyped                                     ;
; DEVICE_FAMILY          ; Cyclone II     ; Untyped                                     ;
; CBXI_PARAMETER         ; NOTHING        ; Untyped                                     ;
; AUTO_CARRY_CHAINS      ; ON             ; AUTO_CARRY                                  ;
; IGNORE_CARRY_BUFFERS   ; OFF            ; IGNORE_CARRY                                ;
; AUTO_CASCADE_CHAINS    ; ON             ; AUTO_CASCADE                                ;
; IGNORE_CASCADE_BUFFERS ; OFF            ; IGNORE_CASCADE                              ;
+------------------------+----------------+---------------------------------------------+
Note: In order to hide this table in the UI and the text report file, please set the "Show Parameter Settings Tables in Synthesis Report" option in "Analysis and Synthesis Settings -> More Settings" to "Off".


+----------------------------------------------------------------------------------------------------------------------------------------------------------------------------------+
; Port Connectivity Checks: "Mux32bits_4x2:PC_MUX"                                                                                                                                 ;
+-------------+-------+----------+-------------------------------------------------------------------------------------------------------------------------------------------------+
; Port        ; Type  ; Severity ; Details                                                                                                                                         ;
+-------------+-------+----------+-------------------------------------------------------------------------------------------------------------------------------------------------+
; in2[31..30] ; Input ; Info     ; Stuck at GND                                                                                                                                    ;
; in3         ; Input ; Warning  ; Input port expression (31 bits) is smaller than the input port (32 bits) it drives.  Extra input bit(s) "in3[31..31]" will be connected to GND. ;
; in3[13..12] ; Input ; Info     ; Stuck at VCC                                                                                                                                    ;
; in3[5..3]   ; Input ; Info     ; Stuck at VCC                                                                                                                                    ;
; in3[30..14] ; Input ; Info     ; Stuck at GND                                                                                                                                    ;
; in3[11..6]  ; Input ; Info     ; Stuck at GND                                                                                                                                    ;
; in3[2..1]   ; Input ; Info     ; Stuck at GND                                                                                                                                    ;
; in3[1]      ; Input ; Info     ; Stuck at VCC                                                                                                                                    ;
+-------------+-------+----------+-------------------------------------------------------------------------------------------------------------------------------------------------+


+---------------------------------------------------+
; Port Connectivity Checks: "Mux32bits_4x2:RHS_Mux" ;
+-------------+-------+----------+------------------+
; Port        ; Type  ; Severity ; Details          ;
+-------------+-------+----------+------------------+
; in1[31..3]  ; Input ; Info     ; Stuck at GND     ;
; in1[1..0]   ; Input ; Info     ; Stuck at GND     ;
; in1[2]      ; Input ; Info     ; Stuck at VCC     ;
; in3[31..30] ; Input ; Info     ; Stuck at GND     ;
+-------------+-------+----------+------------------+


+-----------------------------------------------------------------------------------------------------------------------+
; Port Connectivity Checks: "Control:comb_401"                                                                          ;
+-------------+--------+----------+-------------------------------------------------------------------------------------+
; Port        ; Type   ; Severity ; Details                                                                             ;
+-------------+--------+----------+-------------------------------------------------------------------------------------+
; PCWriteCond ; Output ; Info     ; Connected to dangling logic. Logic that only feeds a dangling port will be removed. ;
; PCWrite     ; Output ; Info     ; Connected to dangling logic. Logic that only feeds a dangling port will be removed. ;
+-------------+--------+----------+-------------------------------------------------------------------------------------+


+-------------------------------+
; Analysis & Synthesis Messages ;
+-------------------------------+
Info: *******************************************************************
Info: Running Quartus II Analysis & Synthesis
    Info: Version 9.1 Build 350 03/24/2010 Service Pack 2 SJ Web Edition
    Info: Processing started: Wed Sep 27 09:41:07 2017
Info: Command: quartus_map --read_settings_files=on --write_settings_files=off MIPS -c MIPS
Info: Parallel compilation is enabled and will use 4 of the 4 processors detected
Info: Found 1 design units, including 1 entities, in source file control.sv
    Info: Found entity 1: Control
Info: Found 2 design units, including 1 entities, in source file banco_reg.vhd
    Info: Found design unit 1: Banco_reg-behavioral_arch
    Info: Found entity 1: Banco_reg
Info: Found 2 design units, including 1 entities, in source file instr_reg.vhd
    Info: Found design unit 1: Instr_Reg-behavioral_arch
    Info: Found entity 1: Instr_Reg
Info: Found 3 design units, including 1 entities, in source file memoria.vhd
    Info: Found design unit 1: ram_constants
    Info: Found design unit 2: Memoria-behavioral_arch
    Info: Found entity 1: Memoria
Info: Found 2 design units, including 1 entities, in source file regdesloc.vhd
    Info: Found design unit 1: RegDesloc-behavioral_arch
    Info: Found entity 1: RegDesloc
Info: Found 2 design units, including 1 entities, in source file registrador.vhd
    Info: Found design unit 1: Registrador-behavioral_arch
    Info: Found entity 1: Registrador
Info: Found 2 design units, including 1 entities, in source file ula32.vhd
    Info: Found design unit 1: Ula32-behavioral
    Info: Found entity 1: Ula32
Info: Found 1 design units, including 1 entities, in source file mips.sv
    Info: Found entity 1: MIPS
Info: Found 1 design units, including 1 entities, in source file testmodule.sv
    Info: Found entity 1: TestModule
Warning: Can't analyze file -- file DataPath.sv is missing
Warning: Can't analyze file -- file PC.sv is missing
Info: Found 3 design units, including 3 entities, in source file mux.sv
    Info: Found entity 1: Mux32bits_4x2
    Info: Found entity 2: Mux5bit_2x1
    Info: Found entity 3: Mux32bit_2x1
Critical Warning (10846): Verilog HDL Instantiation warning at MIPS.sv(117): instance has no name
Critical Warning (10846): Verilog HDL Instantiation warning at MIPS.sv(162): instance has no name
Critical Warning (10846): Verilog HDL Instantiation warning at TestModule.sv(4): instance has no name
Info: Elaborating entity "MIPS" for the top level hierarchy
Warning (10036): Verilog HDL or VHDL warning at MIPS.sv(81): object "Instr25_0" assigned a value but never read
Warning: Using design file signextend.sv, which is not specified as a design file for the current project, but contains definitions for 1 design units and 1 entities in project
    Info: Found entity 1: SignExtend
Info: Elaborating entity "SignExtend" for hierarchy "SignExtend:comb_330"
Info: Elaborating entity "Control" for hierarchy "Control:comb_401"
Warning (10036): Verilog HDL or VHDL warning at Control.sv(46): object "holdState" assigned a value but never read
Info (10264): Verilog HDL Case Statement information at Control.sv(93): all case item expressions in this case statement are onehot
Info (10264): Verilog HDL Case Statement information at Control.sv(244): all case item expressions in this case statement are onehot
Info: Elaborating entity "Registrador" for hierarchy "Registrador:ProgramCounter"
Info: Elaborating entity "Mux32bit_2x1" for hierarchy "Mux32bit_2x1:MemMux"
Info: Elaborating entity "Memoria" for hierarchy "Memoria:Memory"
Info: Elaborating entity "LPM_RAM_DQ" for hierarchy "Memoria:Memory|LPM_RAM_DQ:MEM"
Info: Elaborated megafunction instantiation "Memoria:Memory|LPM_RAM_DQ:MEM"
Info: Instantiated megafunction "Memoria:Memory|LPM_RAM_DQ:MEM" with the following parameter:
    Info: Parameter "LPM_WIDTH" = "8"
    Info: Parameter "LPM_WIDTHAD" = "8"
    Info: Parameter "LPM_NUMWORDS" = "0"
    Info: Parameter "LPM_INDATA" = "REGISTERED"
    Info: Parameter "LPM_ADDRESS_CONTROL" = "REGISTERED"
    Info: Parameter "LPM_OUTDATA" = "REGISTERED"
    Info: Parameter "LPM_FILE" = "instrucoes.mif"
    Info: Parameter "LPM_TYPE" = "LPM_RAM_DQ"
    Info: Parameter "USE_EAB" = "ON"
    Info: Parameter "INTENDED_DEVICE_FAMILY" = "UNUSED"
    Info: Parameter "LPM_HINT" = "UNUSED"
Info: Elaborating entity "altram" for hierarchy "Memoria:Memory|LPM_RAM_DQ:MEM|altram:sram"
Warning: Assertion warning: altram does not support Cyclone II device family -- attempting best-case memory conversions, but power-up states and read during write behavior will be different for Cyclone II devices
Info: Elaborated megafunction instantiation "Memoria:Memory|LPM_RAM_DQ:MEM|altram:sram", which is child of megafunction instantiation "Memoria:Memory|LPM_RAM_DQ:MEM"
Info: Elaborating entity "altsyncram" for hierarchy "Memoria:Memory|LPM_RAM_DQ:MEM|altram:sram|altsyncram:ram_block"
Info: Elaborated megafunction instantiation "Memoria:Memory|LPM_RAM_DQ:MEM|altram:sram|altsyncram:ram_block", which is child of megafunction instantiation "Memoria:Memory|LPM_RAM_DQ:MEM"
Info: Found 1 design units, including 1 entities, in source file db/altsyncram_e1a1.tdf
    Info: Found entity 1: altsyncram_e1a1
Info: Elaborating entity "altsyncram_e1a1" for hierarchy "Memoria:Memory|LPM_RAM_DQ:MEM|altram:sram|altsyncram:ram_block|altsyncram_e1a1:auto_generated"
Info: Elaborating entity "Instr_Reg" for hierarchy "Instr_Reg:Instruction_Register"
Info: Elaborating entity "Mux5bit_2x1" for hierarchy "Mux5bit_2x1:WriteRegMux"
Info: Elaborating entity "Banco_reg" for hierarchy "Banco_reg:Registers"
Info: Elaborating entity "Mux32bits_4x2" for hierarchy "Mux32bits_4x2:RHS_Mux"
Info: Elaborating entity "Ula32" for hierarchy "Ula32:ALU"
Warning: 1 hierarchies have connectivity warnings - see the Connectivity Checks report folder
Warning: Output pins are stuck at VCC or GND
    Warning (13410): Pin "OUT_WriteDataMem[0]" is stuck at GND
    Warning (13410): Pin "OUT_WriteDataMem[1]" is stuck at GND
    Warning (13410): Pin "OUT_WriteDataMem[2]" is stuck at GND
    Warning (13410): Pin "OUT_WriteDataMem[3]" is stuck at GND
    Warning (13410): Pin "OUT_WriteDataMem[4]" is stuck at GND
    Warning (13410): Pin "OUT_WriteDataMem[5]" is stuck at GND
    Warning (13410): Pin "OUT_WriteDataMem[6]" is stuck at GND
    Warning (13410): Pin "OUT_WriteDataMem[7]" is stuck at GND
    Warning (13410): Pin "OUT_WriteDataMem[8]" is stuck at GND
    Warning (13410): Pin "OUT_WriteDataMem[9]" is stuck at GND
    Warning (13410): Pin "OUT_WriteDataMem[10]" is stuck at GND
    Warning (13410): Pin "OUT_WriteDataMem[11]" is stuck at GND
    Warning (13410): Pin "OUT_WriteDataMem[12]" is stuck at GND
    Warning (13410): Pin "OUT_WriteDataMem[13]" is stuck at GND
    Warning (13410): Pin "OUT_WriteDataMem[14]" is stuck at GND
    Warning (13410): Pin "OUT_WriteDataMem[15]" is stuck at GND
    Warning (13410): Pin "OUT_WriteDataMem[16]" is stuck at GND
    Warning (13410): Pin "OUT_WriteDataMem[17]" is stuck at GND
    Warning (13410): Pin "OUT_WriteDataMem[18]" is stuck at GND
    Warning (13410): Pin "OUT_WriteDataMem[19]" is stuck at GND
    Warning (13410): Pin "OUT_WriteDataMem[20]" is stuck at GND
    Warning (13410): Pin "OUT_WriteDataMem[21]" is stuck at GND
    Warning (13410): Pin "OUT_WriteDataMem[22]" is stuck at GND
    Warning (13410): Pin "OUT_WriteDataMem[23]" is stuck at GND
    Warning (13410): Pin "OUT_WriteDataMem[24]" is stuck at GND
    Warning (13410): Pin "OUT_WriteDataMem[25]" is stuck at GND
    Warning (13410): Pin "OUT_WriteDataMem[26]" is stuck at GND
    Warning (13410): Pin "OUT_WriteDataMem[27]" is stuck at GND
    Warning (13410): Pin "OUT_WriteDataMem[28]" is stuck at GND
    Warning (13410): Pin "OUT_WriteDataMem[29]" is stuck at GND
    Warning (13410): Pin "OUT_WriteDataMem[30]" is stuck at GND
    Warning (13410): Pin "OUT_WriteDataMem[31]" is stuck at GND
    Warning (13410): Pin "OUT_RegWrite" is stuck at GND
    Warning (13410): Pin "Estado[5]" is stuck at GND
    Warning (13410): Pin "Estado[6]" is stuck at GND
    Warning (13410): Pin "Estado[7]" is stuck at GND
Info: 10 registers lost all their fanouts during netlist optimizations. The first 10 are displayed below.
    Info: Register "Control:comb_401|state.NOT_A" lost all its fanouts during netlist optimizations.
    Info: Register "Control:comb_401|state.INC" lost all its fanouts during netlist optimizations.
    Info: Register "Control:comb_401|state~2" lost all its fanouts during netlist optimizations.
    Info: Register "Control:comb_401|state~3" lost all its fanouts during netlist optimizations.
    Info: Register "Control:comb_401|state~4" lost all its fanouts during netlist optimizations.
    Info: Register "Control:comb_401|state~5" lost all its fanouts during netlist optimizations.
    Info: Register "Control:comb_401|state~6" lost all its fanouts during netlist optimizations.
    Info: Register "Control:comb_401|state~7" lost all its fanouts during netlist optimizations.
    Info: Register "Control:comb_401|state~8" lost all its fanouts during netlist optimizations.
    Info: Register "Control:comb_401|state~9" lost all its fanouts during netlist optimizations.
Info: Generated suppressed messages file C:/Users/jraf/Documents/Mips/MIPS.map.smsg
Info: Implemented 790 device resources after synthesis - the final resource count might be different
    Info: Implemented 2 input pins
    Info: Implemented 272 output pins
    Info: Implemented 484 logic cells
    Info: Implemented 32 RAM segments
Info: Quartus II Analysis & Synthesis was successful. 0 errors, 47 warnings
    Info: Peak virtual memory: 253 megabytes
    Info: Processing ended: Wed Sep 27 09:41:12 2017
    Info: Elapsed time: 00:00:05
    Info: Total CPU time (on all processors): 00:00:04


+------------------------------------------+
; Analysis & Synthesis Suppressed Messages ;
+------------------------------------------+
The suppressed messages can be found in C:/Users/jraf/Documents/Mips/MIPS.map.smsg.


